c:\users\justin\documents\visual studio 2015\projects\mysterionengine\mysterionengine\debug\mysterionengine.pdb
c:\users\justin\documents\visual studio 2015\projects\mysterionengine\mysterionengine\debug\mysterionengine.idb
c:\users\justin\documents\visual studio 2015\projects\mysterionengine\mysterionengine\debug\renderservice.obj
c:\users\justin\documents\visual studio 2015\projects\mysterionengine\mysterionengine\debug\rendersystem.obj
c:\users\justin\documents\visual studio 2015\projects\mysterionengine\mysterionengine\debug\resourcemanager.obj
c:\users\justin\documents\visual studio 2015\projects\mysterionengine\mysterionengine\debug\service.obj
c:\users\justin\documents\visual studio 2015\projects\mysterionengine\mysterionengine\debug\servicemanager.obj
c:\users\justin\documents\visual studio 2015\projects\mysterionengine\mysterionengine\debug\sprite.obj
c:\users\justin\documents\visual studio 2015\projects\mysterionengine\mysterionengine\debug\spriteanimationcomponent.obj
c:\users\justin\documents\visual studio 2015\projects\mysterionengine\mysterionengine\debug\startupparams.obj
c:\users\justin\documents\visual studio 2015\projects\mysterionengine\mysterionengine\debug\systemlocator.obj
c:\users\justin\documents\visual studio 2015\projects\mysterionengine\mysterionengine\debug\texture.obj
c:\users\justin\documents\visual studio 2015\projects\mysterionengine\mysterionengine\debug\ticpp.obj
c:\users\justin\documents\visual studio 2015\projects\mysterionengine\mysterionengine\debug\tinystr.obj
c:\users\justin\documents\visual studio 2015\projects\mysterionengine\mysterionengine\debug\tinyxml.obj
c:\users\justin\documents\visual studio 2015\projects\mysterionengine\mysterionengine\debug\tinyxmlerror.obj
c:\users\justin\documents\visual studio 2015\projects\mysterionengine\mysterionengine\debug\tinyxmlparser.obj
c:\users\justin\documents\visual studio 2015\projects\mysterionengine\mysterionengine\debug\updatecomponent.obj
c:\users\justin\documents\visual studio 2015\projects\mysterionengine\mysterionengine\debug\updateservice.obj
c:\users\justin\documents\visual studio 2015\projects\mysterionengine\mysterionengine\debug\valueanimationcomponent.obj
c:\users\justin\documents\visual studio 2015\projects\mysterionengine\mysterionengine\debug\vector3.obj
c:\users\justin\documents\visual studio 2015\projects\mysterionengine\mysterionengine\debug\windowsystem.obj
c:\users\justin\documents\visual studio 2015\projects\mysterionengine\mysterionengine\debug\animsprite.obj
c:\users\justin\documents\visual studio 2015\projects\mysterionengine\mysterionengine\debug\audio.obj
c:\users\justin\documents\visual studio 2015\projects\mysterionengine\mysterionengine\debug\basicrendercomponent.obj
c:\users\justin\documents\visual studio 2015\projects\mysterionengine\mysterionengine\debug\component.obj
c:\users\justin\documents\visual studio 2015\projects\mysterionengine\mysterionengine\debug\correctioncomponent.obj
c:\users\justin\documents\visual studio 2015\projects\mysterionengine\mysterionengine\debug\correctionservice.obj
c:\users\justin\documents\visual studio 2015\projects\mysterionengine\mysterionengine\debug\fontsprite.obj
c:\users\justin\documents\visual studio 2015\projects\mysterionengine\mysterionengine\debug\inputcomponent.obj
c:\users\justin\documents\visual studio 2015\projects\mysterionengine\mysterionengine\debug\inputservice.obj
c:\users\justin\documents\visual studio 2015\projects\mysterionengine\mysterionengine\debug\inputsystem.obj
c:\users\justin\documents\visual studio 2015\projects\mysterionengine\mysterionengine\debug\main.obj
c:\users\justin\documents\visual studio 2015\projects\mysterionengine\mysterionengine\debug\promath.obj
c:\users\justin\documents\visual studio 2015\projects\mysterionengine\mysterionengine\debug\movementcomponent.obj
c:\users\justin\documents\visual studio 2015\projects\mysterionengine\mysterionengine\debug\animationservice.obj
c:\users\justin\documents\visual studio 2015\projects\mysterionengine\mysterionengine\debug\music.obj
c:\users\justin\documents\visual studio 2015\projects\mysterionengine\mysterionengine\debug\mysterionengine.obj
c:\users\justin\documents\visual studio 2015\projects\mysterionengine\mysterionengine\debug\object.obj
c:\users\justin\documents\visual studio 2015\projects\mysterionengine\mysterionengine\debug\objectmanager.obj
c:\users\justin\documents\visual studio 2015\projects\mysterionengine\mysterionengine\debug\observermanager.obj
c:\users\justin\documents\visual studio 2015\projects\mysterionengine\mysterionengine\debug\rendercomponent.obj
c:\users\justin\documents\visual studio 2015\projects\mysterionengine\mysterionengine\debug\animationcomponent.obj
c:\users\justin\documents\visual studio 2015\projects\projectlightfieldbeta\debug\mysterionengine.lib
c:\users\justin\documents\visual studio 2015\projects\projectlightfieldbeta\debug\mysterionengine.pdb
c:\users\justin\documents\visual studio 2015\projects\mysterionengine\mysterionengine\debug\mysterionengine.tlog\cl.command.1.tlog
c:\users\justin\documents\visual studio 2015\projects\mysterionengine\mysterionengine\debug\mysterionengine.tlog\cl.read.1.tlog
c:\users\justin\documents\visual studio 2015\projects\mysterionengine\mysterionengine\debug\mysterionengine.tlog\cl.write.1.tlog
c:\users\justin\documents\visual studio 2015\projects\mysterionengine\mysterionengine\debug\mysterionengine.tlog\lib-link.read.1.tlog
c:\users\justin\documents\visual studio 2015\projects\mysterionengine\mysterionengine\debug\mysterionengine.tlog\lib-link.write.1.tlog
c:\users\justin\documents\visual studio 2015\projects\mysterionengine\mysterionengine\debug\mysterionengine.tlog\lib.command.1.tlog
